<?xml version="1.0" encoding="UTF-8"?>
<!-- Generated by org.testng.reporters.JUnitXMLReporter -->
<testsuite ignored="3" hostname="Vignesh-Laptop" failures="0" tests="3" name="Test" time="0.091" errors="0" timestamp="22 Feb 2024 09:36:16 GMT">
  <testcase classname="org.test.Group1" name="tc4" time="0.018"/>
  <testcase classname="org.test.Group" name="tc1" time="0.004"/>
  <testcase classname="org.test.Group" name="tc2" time="0.004"/>
  <testcase classname="org.test.Group1" name="tc6" time="0.0">
    <ignored/>
  </testcase> <!-- tc6 -->
  <testcase classname="org.test.Group" name="tc3" time="0.0">
    <ignored/>
  </testcase> <!-- tc3 -->
  <testcase classname="org.test.Group1" name="tc5" time="0.0">
    <ignored/>
  </testcase> <!-- tc5 -->
</testsuite> <!-- Test -->
