<?xml version="1.0" encoding="UTF-8"?>
<testng-results ignored="3" total="6" passed="3" failed="0" skipped="0">
  <reporter-output>
  </reporter-output>
  <suite started-at="2024-02-22T09:36:16Z" name="Suite" finished-at="2024-02-22T09:36:16Z" duration-ms="91">
    <groups>
      <group name="smoke">
        <method signature="Group.tc1()[pri:0, instance:org.test.Group@14bee915]" name="tc1" class="org.test.Group"/>
        <method signature="Group.tc2()[pri:0, instance:org.test.Group@14bee915]" name="tc2" class="org.test.Group"/>
        <method signature="Group1.tc4()[pri:0, instance:org.test.Group1@41ab013]" name="tc4" class="org.test.Group1"/>
      </group> <!-- smoke -->
    </groups>
    <test started-at="2024-02-22T09:36:16Z" name="Test" finished-at="2024-02-22T09:36:16Z" duration-ms="91">
      <class name="org.test.Group1">
        <test-method signature="tc4()[pri:0, instance:org.test.Group1@41ab013]" started-at="2024-02-22T09:36:16Z" name="tc4" finished-at="2024-02-22T09:36:16Z" duration-ms="18" status="PASS">
          <reporter-output>
          </reporter-output>
        </test-method> <!-- tc4 -->
      </class> <!-- org.test.Group1 -->
      <class name="org.test.Group">
        <test-method signature="tc1()[pri:0, instance:org.test.Group@14bee915]" started-at="2024-02-22T09:36:16Z" name="tc1" finished-at="2024-02-22T09:36:16Z" duration-ms="4" status="PASS">
          <reporter-output>
          </reporter-output>
        </test-method> <!-- tc1 -->
        <test-method signature="tc2()[pri:0, instance:org.test.Group@14bee915]" started-at="2024-02-22T09:36:16Z" name="tc2" finished-at="2024-02-22T09:36:16Z" duration-ms="4" status="PASS">
          <reporter-output>
          </reporter-output>
        </test-method> <!-- tc2 -->
      </class> <!-- org.test.Group -->
    </test> <!-- Test -->
  </suite> <!-- Suite -->
</testng-results>
